<?xml version="1.0" encoding="UTF-8"?>
<!-- Generated by org.testng.reporters.JUnitReportReporter -->
<testsuite hostname="LAPTOP-82NDSM1Q" failures="0" tests="1" name="sampleproject.OpenBrowser" time="24.537" errors="0" timestamp="25 Feb 2021 18:31:19 GMT" skipped="0">
  <testcase classname="sampleproject.OpenBrowser" name="browser" time="24.537"/>
</testsuite> <!-- sampleproject.OpenBrowser -->
